2026-01-18T12:51:03 | touched: package.json
2025-11-23T20:50:31 | touched: README.md
2025-05-17T02:01:46 | touched: scripts/deploy.js
2025-04-12T07:32:44 | touched: contracts/Thegraphquery.sol
2025-04-12T12:58:26 | touched: LICENSE
2026-01-07T17:37:20 | touched: README.md
2025-02-06T20:12:03 | touched: test/Thegraphquery.test.js
2025-02-09T23:51:58 | touched: LICENSE
2025-09-02T13:05:38 | touched: contracts/Thegraphquery.sol
2026-01-16T06:03:36 | touched: contracts/Thegraphquery.sol
2025-05-15T06:53:20 | touched: test/Thegraphquery.test.js
2025-12-16T20:27:08 | touched: contracts/Thegraphquery.sol
2025-12-22T17:05:10 | touched: scripts/deploy.js
2025-04-11T13:43:47 | touched: test/Thegraphquery.test.js
2026-01-11T23:54:29 | touched: hardhat.config.js
2026-01-06T17:26:09 | touched: LICENSE
2026-01-25T09:06:21 | touched: contracts/Thegraphquery.sol
2026-01-18T07:51:30 | touched: sync_review.md
2026-01-29T09:08:09 | touched: .env.example
2025-11-10T23:16:48 | touched: .env.example
2026-02-02T16:27:51 | touched: package.json
2024-12-28T23:23:45 | touched: test/Thegraphquery.test.js
2024-09-03T10:01:46 | touched: README.md
2025-09-30T21:38:55 | touched: README.md
2025-12-27T15:04:40 | touched: package.json
2025-03-08T03:10:45 | touched: contracts/Thegraphquery.sol
2025-11-05T15:57:44 | touched: test/Thegraphquery.test.js
2025-02-05T19:20:07 | touched: package.json
